<?xml version="1.0" encoding="UTF-8"?>
<robot generator="Robot 7.0 (Python 3.12.1 on win32)" generated="2024-02-05T09:39:27.836326" rpa="false" schemaversion="5">
<suite id="s1" name="Test" source="D:\GitProjects\robotFramework\RobotFramework_ovning\Test.robot">
<test id="s1-t1" name="Testa Login funktionalitet for automationPlayground" line="6">
<kw name="Set Selenium Speed" owner="SeleniumLibrary">
<arg>1</arg>
<doc>Sets the delay that is waited after each Selenium command.</doc>
<status status="PASS" start="2024-02-05T09:39:28.360164" elapsed="0.000996"/>
</kw>
<kw name="Open Browser" owner="SeleniumLibrary">
<msg time="2024-02-05T09:39:28.362158" level="INFO">Opening browser 'Chrome' to base url 'None'.</msg>
<arg>browser=Chrome</arg>
<doc>Opens a new browser instance to the optional ``url``.</doc>
<status status="PASS" start="2024-02-05T09:39:28.361160" elapsed="2.289745"/>
</kw>
<kw name="Go To" owner="SeleniumLibrary">
<msg time="2024-02-05T09:39:30.651900" level="INFO">Opening url 'https://automationplayground.com/crm/'</msg>
<arg>https://automationplayground.com/crm/</arg>
<doc>Navigates the current browser window to the provided ``url``.</doc>
<status status="PASS" start="2024-02-05T09:39:30.650905" elapsed="3.103920"/>
</kw>
<kw name="Click Link" owner="SeleniumLibrary">
<msg time="2024-02-05T09:39:33.755824" level="INFO">Clicking link '//a[@id='SignIn']'.</msg>
<arg>//a[@id='SignIn']</arg>
<doc>Clicks a link identified by ``locator``.</doc>
<status status="PASS" start="2024-02-05T09:39:33.754825" elapsed="3.411546"/>
</kw>
<kw name="Input Text" owner="SeleniumLibrary">
<msg time="2024-02-05T09:39:37.167326" level="INFO">Typing text 'amrimukh2@gmail.com' into text field 'xpath = //input[@id='email-id']'.</msg>
<arg>xpath = //input[@id='email-id']</arg>
<arg>amrimukh2@gmail.com</arg>
<doc>Types the given ``text`` into the text field identified by ``locator``.</doc>
<status status="PASS" start="2024-02-05T09:39:37.166371" elapsed="3.216733"/>
</kw>
<kw name="Input Password" owner="SeleniumLibrary">
<msg time="2024-02-05T09:39:40.384697" level="INFO">Typing password into text field 'xpath = //input[@id='password']'.</msg>
<msg time="2024-02-05T09:39:42.442690" level="INFO">Temporally setting log level to: NONE</msg>
<arg>xpath = //input[@id='password']</arg>
<arg>12345</arg>
<doc>Types the given password into the text field identified by ``locator``.</doc>
<status status="PASS" start="2024-02-05T09:39:40.383693" elapsed="3.137550"/>
</kw>
<kw name="Click Button" owner="SeleniumLibrary">
<msg time="2024-02-05T09:39:43.522386" level="INFO">Clicking button '//button[@id='submit-id']'.</msg>
<arg>//button[@id='submit-id']</arg>
<doc>Clicks the button identified by ``locator``.</doc>
<status status="PASS" start="2024-02-05T09:39:43.521243" elapsed="5.509668"/>
</kw>
<kw name="Wait Until Page Contains" owner="SeleniumLibrary">
<arg>Our Happy Customers</arg>
<doc>Waits until ``text`` appears on the current page.</doc>
<status status="PASS" start="2024-02-05T09:39:49.030911" elapsed="1.019453"/>
</kw>
<kw name="Click Link" owner="SeleniumLibrary">
<msg time="2024-02-05T09:39:50.051361" level="INFO">Clicking link '//a[@id='new-customer']'.</msg>
<arg>//a[@id='new-customer']</arg>
<doc>Clicks a link identified by ``locator``.</doc>
<status status="PASS" start="2024-02-05T09:39:50.050364" elapsed="3.390119"/>
</kw>
<kw name="Input Text" owner="SeleniumLibrary">
<msg time="2024-02-05T09:39:53.441481" level="INFO">Typing text 'sara@gmail.com' into text field '//input[@id='EmailAddress']'.</msg>
<arg>//input[@id='EmailAddress']</arg>
<arg>sara@gmail.com</arg>
<doc>Types the given ``text`` into the text field identified by ``locator``.</doc>
<status status="PASS" start="2024-02-05T09:39:53.440483" elapsed="3.149650"/>
</kw>
<kw name="Input Text" owner="SeleniumLibrary">
<msg time="2024-02-05T09:39:56.591357" level="INFO">Typing text 'sara' into text field '//input[@id='FirstName']'.</msg>
<arg>//input[@id='FirstName']</arg>
<arg>sara</arg>
<doc>Types the given ``text`` into the text field identified by ``locator``.</doc>
<status status="PASS" start="2024-02-05T09:39:56.590133" elapsed="3.136920"/>
</kw>
<kw name="Input Text" owner="SeleniumLibrary">
<msg time="2024-02-05T09:39:59.727053" level="INFO">Typing text 'Ali' into text field '//input[@id='LastName']'.</msg>
<arg>//input[@id='LastName']</arg>
<arg>Ali</arg>
<doc>Types the given ``text`` into the text field identified by ``locator``.</doc>
<status status="PASS" start="2024-02-05T09:39:59.727053" elapsed="3.130968"/>
</kw>
<kw name="Input Text" owner="SeleniumLibrary">
<msg time="2024-02-05T09:40:02.858982" level="INFO">Typing text 'Warsw' into text field '//input[@id='City']'.</msg>
<arg>//input[@id='City']</arg>
<arg>Warsw</arg>
<doc>Types the given ``text`` into the text field identified by ``locator``.</doc>
<status status="PASS" start="2024-02-05T09:40:02.858021" elapsed="3.137862"/>
</kw>
<kw name="Select From List By Label" owner="SeleniumLibrary">
<msg time="2024-02-05T09:40:05.996845" level="INFO">Selecting options from selection list '//select[@id='StateOrRegion']' by label Georgia.</msg>
<arg>//select[@id='StateOrRegion']</arg>
<arg>Georgia</arg>
<doc>Selects options from selection list ``locator`` by ``labels``.</doc>
<status status="PASS" start="2024-02-05T09:40:05.995883" elapsed="8.144250"/>
</kw>
<kw name="Click Element" owner="SeleniumLibrary">
<msg time="2024-02-05T09:40:14.141127" level="INFO">Clicking element '//input[@value='female']'.</msg>
<arg>//input[@value='female']</arg>
<doc>Click the element identified by ``locator``.</doc>
<status status="PASS" start="2024-02-05T09:40:14.140133" elapsed="2.077489"/>
</kw>
<kw name="Press Key" owner="SeleniumLibrary">
<msg time="2024-02-05T09:40:16.217622" level="WARN">Keyword 'SeleniumLibrary.Press Key' is deprecated. use `Press Keys` instead.</msg>
<arg>//button[normalize-space()='Submit']</arg>
<arg>Submit</arg>
<doc>*DEPRECATED in SeleniumLibrary 4.0.* use `Press Keys` instead.</doc>
<status status="PASS" start="2024-02-05T09:40:16.217622" elapsed="2.085031"/>
</kw>
<kw name="Click Button" owner="SeleniumLibrary">
<msg time="2024-02-05T09:40:18.303651" level="INFO">Clicking button '//button[normalize-space()='Submit']'.</msg>
<arg>//button[normalize-space()='Submit']</arg>
<doc>Clicks the button identified by ``locator``.</doc>
<status status="PASS" start="2024-02-05T09:40:18.302653" elapsed="5.268476"/>
</kw>
<kw name="Wait Until Page Contains" owner="SeleniumLibrary">
<arg>Success! New customer added.</arg>
<doc>Waits until ``text`` appears on the current page.</doc>
<status status="PASS" start="2024-02-05T09:40:23.571129" elapsed="1.017920"/>
</kw>
<doc>Test visar posive login scenarion för automationPlayground</doc>
<status status="PASS" start="2024-02-05T09:39:28.358333" elapsed="56.231717"/>
</test>
<doc>test for selenium.com</doc>
<status status="PASS" start="2024-02-05T09:39:27.842310" elapsed="56.748738"/>
</suite>
<statistics>
<total>
<stat pass="1" fail="0" skip="0">All Tests</stat>
</total>
<tag>
</tag>
<suite>
<stat pass="1" fail="0" skip="0" id="s1" name="Test">Test</stat>
</suite>
</statistics>
<errors>
<msg time="2024-02-05T09:40:16.217622" level="WARN">Keyword 'SeleniumLibrary.Press Key' is deprecated. use `Press Keys` instead.</msg>
</errors>
</robot>
